# name              m         t          x          y         xe         ye                   snr    corr  N_frames                  flux
irs16C          8.076  2021.621    492.326    764.334      0.005      0.005               17.5293    1.00        42              50568300
irs16NW         8.490  2021.621    570.969    824.112      0.008      0.005               17.5295    1.00        42              34535000
star_1          5.155  2021.621     60.497    769.043      0.341      0.044               11.5489    1.00        29             745164992
star_2          5.557  2021.621    356.473    429.521      0.005      0.036               17.4520    1.00        42             514711008
irs29N          6.358  2021.621    736.054    832.968      0.005      0.023               17.5003    1.00        42             246191008
irs16NE         7.489  2021.621    292.688    784.439      0.006      0.007               17.5232    1.00        43              86831504
star_6          8.071  2021.621    910.885    548.932      0.254      0.835                9.7244    0.95        43              50782400
star_7          5.033  2021.621    812.443   1085.870      0.107      0.349               16.6544    1.00        12             834062976
irs16SW-E       8.185  2021.621    390.832    592.632      0.011      0.013               17.5230    1.00        42              45720100
irs16SW         8.198  2021.621    467.822    608.951      0.012      0.011               17.5287    1.00        42              45174000
star_10         8.364  2021.621    962.798    224.044      0.013      0.012               17.4541    1.00        43              38770600
irs33E          8.548  2021.621    510.123    384.880      0.008      0.004               17.5289    1.00        42              32728100
star_13         8.637  2021.621    916.346    531.020      0.160      0.123               11.5518    0.96        43              30161900
star_14         8.917  2021.621    993.020    494.044      0.017      0.007               17.4758    1.00        43              23299300
star_15         9.026  2021.621    890.614    533.050      0.014      0.008               17.5119    0.99        43              21086600
star_16         9.031  2021.621    658.570    176.579      0.017      0.031               17.5080    1.00        36              20979100
star_17         9.045  2021.621    996.577    852.808      0.007      0.019               17.4483    1.00        43              20723200
S2-16           9.070  2021.621    703.155    906.894      0.025      0.012               17.5111    1.00        42              20243100
star_19         9.153  2021.621    442.704    511.914      0.011      0.012               17.5257    1.00        42              18755500
irs16CC         9.464  2021.621    389.971    767.095      0.007      0.003               17.5273    1.00        42              14078000
star_21         9.484  2021.621    618.979    378.052      0.006      0.004               17.5220    1.00        42              13822300
star_22         9.608  2021.621    934.272    559.008      0.505      0.539               15.8132    0.97        40              12330200
star_23         9.633  2021.621    770.330    798.596      0.009      0.027               17.4746    1.00        42              12057300
irs33N          9.768  2021.621    586.871    469.566      0.010      0.009               17.5181    1.00        42              10643700
star_25         9.894  2021.621    511.096    527.431      0.011      0.012               17.5279    1.00        42               9473970
star_26         9.936  2021.621    287.763    589.440      0.010      0.013               17.5244    1.00        43               9117660
S1-23           9.970  2021.621    672.381    547.476      0.010      0.009               17.5188    1.00        42               8832910
star_29        10.006  2021.621    973.148    143.036      0.659      0.294               11.2895    0.84        12               8546110
star_30        10.051  2021.621    293.612    143.579      0.019      0.016               16.1356    1.00        17               8202650
star_31        10.061  2021.621    979.715    138.236      0.405      0.307               14.0835    0.87        12               8126330
star_32        10.158  2021.621    133.844    351.105      0.005      0.018               17.5226    1.00        42               7431670
star_33        10.201  2021.621    929.782    300.880      0.178      0.239               15.0808    0.82        43               7141270
star_34        10.209  2021.621    390.881    641.056      0.012      0.010               17.4854    1.00        42               7090130
star_35        10.308  2021.621    411.935    569.045      0.011      0.011               17.5174    1.00        42               6475470
star_36        10.333  2021.621    720.863    966.071      0.020      0.010               17.5289    1.00        40               6327920
star_37        10.361  2021.621    972.147    151.703      0.371      0.367               16.1231    0.87        18               6162850
irs13E2        10.366  2021.621    926.001    519.627      0.016      0.129               15.7868    0.90        43               6136290
star_40        10.381  2021.621    213.996    480.755      0.006      0.014               17.5283    1.00        42               6054250
star_41        10.407  2021.621    925.449    510.337      1.243      0.065                6.9268    0.90        43               5907240
star_42        10.414  2021.621    734.217    419.753      0.005      0.008               17.5154    0.99        42               5871340
star_44        10.471  2021.621    979.877    147.331      0.737      0.556               10.7941    0.89        18               5568990
star_45        10.509  2021.621    224.746    447.392      0.006      0.015               17.5297    1.00        39               5378150
star_46        10.524  2021.621    426.262    557.452      0.010      0.019               17.5273    1.00        42               5306180
star_47        10.532  2021.621     35.447    991.193      0.072      0.072               15.2033    1.00        15               5264440
star_48        10.535  2021.621    536.401    861.445      0.015      0.007               17.5238    1.00        43               5251840
star_49        10.549  2021.621    942.578    550.174      1.279      1.207                6.4978    0.80        43               5185950
star_50        10.560  2021.621    277.827   1046.590      0.033      0.040               17.3746    1.00        30               5134070
star_51        10.581  2021.621    928.172    307.893      0.869      0.392               11.0569    0.83        43               5035660
star_52        10.589  2021.621    539.856    541.077      0.013      0.028               17.5242    0.98        42               4997170
star_53        10.614  2021.621    570.411    789.825      0.008      0.004               17.5290    1.00        42               4884780
star_54        10.643  2021.621    272.206    755.607      0.019      0.016               17.4474    1.00        42               4755160
star_55        10.691  2021.621    472.629    981.445      0.019      0.020               17.5286    1.00        40               4549730
star_56        10.691  2021.621    100.353    151.131      0.022      0.028               16.7544    1.00        32               4546620
star_57        10.733  2021.621    253.161    594.117      0.012      0.015               17.5262    1.00        42               4376200
star_58        10.737  2021.621    182.057    234.128      0.017      0.014               17.5151    1.00        42               4359750
star_59        10.744  2021.621    866.818    533.870      0.011      0.019               16.9736    0.91        43               4333300
star_60        10.756  2021.621    284.311    127.296      0.227      0.129               15.8335    0.95        11               4284750
star_61        10.782  2021.621      9.976    911.461      0.176      0.148               12.7109    0.85         1               4182260
star_62        10.809  2021.621    937.553    580.518      0.147      0.305               14.4705    0.96        43               4078550
star_63        10.831  2021.621    423.156    410.689      0.022      0.048               14.5869    0.99        42               3999290
star_64        10.842  2021.621    865.126    412.062      0.007      0.004               17.5080    1.00        42               3958740
star_65        10.863  2021.621    512.046    285.362      0.012      0.012               17.5294    1.00        42               3882860
star_66        10.885  2021.621    734.438    230.625      0.018      0.013               17.5157    1.00        42               3804570
star_67        10.899  2021.621    206.505    862.086      0.025      0.030               17.4787    1.00        38               3756410
irs13E1        10.911  2021.621    876.281    529.425      0.066      0.109               17.3676    0.87        43               3715890
irs29S         10.919  2021.621    780.422    793.436      0.065      0.049               17.4897    0.99        42               3686740
star_70        10.947  2021.621    839.115    496.942      0.024      0.021               17.0747    1.00        43               3593610
star_71        10.968  2021.621    559.781    617.059      0.008      0.016               17.5236    1.00        42               3523330
star_72        10.994  2021.621    734.622    645.745      0.042      0.009               17.3556    1.00        42               3442030
star_73        11.041  2021.621    556.844    933.166      0.014      0.011               17.5099    1.00        42               3296640
star_74        11.058  2021.621    487.457    639.396      0.006      0.022               17.5041    1.00        42               3243980
star_75        11.077  2021.621    962.664    877.220      0.175      0.243                6.9196    0.91        43               3188400
star_76        11.092  2021.621   1034.140    542.319      0.022      0.019               16.4990    1.00        37               3145190
star_77        11.109  2021.621    857.109    560.944      0.208      0.207               11.6953    0.91        43               3094870
star_78        11.113  2021.621    255.635    420.545      0.098      0.055               17.1701    0.94        42               3083800
star_79        11.114  2021.621    263.465    571.110      0.013      0.009               17.5220    1.00        42               3082280
star_80        11.116  2021.621    261.276    685.485      0.022      0.012               17.5152    1.00        42               3075820
star_81        11.127  2021.621    973.589    885.530      1.782      0.179               16.7421    0.90        43               3045340
star_82        11.209  2021.621    895.001    587.569      0.217      0.294               15.1117    0.93        43               2822090
star_83        11.262  2021.621    318.299    681.961      0.065      0.038               17.2543    0.99        41               2688640
star_84        11.262  2021.621     88.378    372.834      0.002      0.033               17.5017    1.00        36               2687070
star_85        11.270  2021.621    970.605    982.063      0.019      0.007               17.4919    1.00        42               2669130
star_86        11.277  2021.621   1018.150    567.195      0.027      0.025               17.0805    1.00        37               2651680
star_87        11.287  2021.621    873.632    882.041      0.013      0.009               17.5242    1.00        42               2627560
star_90        11.315  2021.621    712.377    655.275      0.020      0.008               17.3925    1.00        42               2559780
star_91        11.387  2021.621    951.128    533.130      0.215      0.316               15.3400    0.84        43               2395990
star_92        11.398  2021.621    711.797   1025.880      0.219      0.166               12.2328    0.99        43               2371410
star_93        11.407  2021.621    901.531    645.672      0.539      1.506                5.1121    0.97        43               2353130
star_94        11.451  2021.621    159.300    713.150      0.035      0.032               16.9998    0.99        43               2258960
star_96        11.474  2021.621    904.519    616.813      0.058      0.097               17.4000    0.87        43               2210970
star_97        11.481  2021.621    548.498    361.174      0.010      0.026               17.4758    1.00        42               2196460
star_98        11.488  2021.621    644.888    368.720      0.010      0.017               17.5249    0.99        42               2182950
star_99        11.508  2021.621    272.514    205.521      0.025      0.059               17.5148    1.00        42               2143500
star_100       11.544  2021.621    583.673    981.057      0.017      0.019               17.5135    1.00        42               2073430
star_101       11.556  2021.621    282.232    657.977      0.011      0.015               17.5252    0.99        42               2050540
star_103       11.579  2021.621    519.661   1044.740      0.023      0.025               17.3714    0.99        30               2007480
star_104       11.580  2021.621    909.349    635.651      1.496      0.579                6.2521    0.86        43               2005940
star_105       11.583  2021.621    276.512    127.880      0.417      0.437               10.3138    0.86        11               1999550
star_106       11.585  2021.621    691.220    484.240      0.019      0.020               17.4681    0.99        42               1996720
star_107       11.616  2021.621    849.116    572.269      0.444      0.670               13.4915    0.81        43               1941060
star_108       11.630  2021.621    849.643    563.020      0.315      0.261               13.2285    0.87        42               1916060
star_109       11.631  2021.621    881.864    631.161      0.756      0.976               11.7638    0.83        42               1913050
star_110       11.638  2021.621    267.200    140.646      0.139      0.109               11.5923    0.99        15               1900750
star_111       11.638  2021.621    788.237    197.790      0.019      0.027               17.5072    0.99        36               1900550
star_112       11.642  2021.621    500.511    916.104      0.012      0.005               17.5117    1.00        42               1894240
star_113       11.665  2021.621    830.711    606.730      0.019      0.037               17.3349    0.96        43               1855100
star_114       11.673  2021.621    191.364    663.306      0.009      0.019               17.5242    0.99        42               1841930
star_115       11.674  2021.621    358.684    686.478      0.030      0.143               14.9495    0.99        42               1839000
star_116       11.686  2021.621    397.262    438.075      0.142      0.061               16.1898    0.94        42               1819450
star_117       11.688  2021.621    475.733    705.307      0.062      0.035               17.1477    0.99        42               1815860
star_119       11.698  2021.621    745.790    705.093      0.021      0.024               17.3487    0.99        42               1798430
star_120       11.700  2021.621    645.805    159.660      0.006      0.031               16.5003    1.00        30               1796290
star_121       11.706  2021.621    409.479    628.632      0.031      0.050               17.4635    0.99        42               1785420
star_122       11.709  2021.621    894.727    617.262      0.488      0.440                8.6365    0.92        38               1781850
star_123       11.718  2021.621    496.138    600.018      0.026      0.147               16.4214    0.99        42               1766410
star_124       11.722  2021.621    871.368    675.465      0.039      0.029               17.4052    0.99        43               1760600
star_125       11.749  2021.621    874.811    627.585      0.852      0.247                8.7363    0.87        42               1716940
star_126       11.757  2021.621    876.205    613.445      0.424      0.330               11.2650    0.92        43               1703800
star_127       11.760  2021.621    551.753   1004.320      0.021      0.016               17.5099    0.99        42               1699820
star_128       11.780  2021.621    261.064   1041.160      0.461      1.320               15.3506    0.95        43               1668680
star_129       11.788  2021.621    762.602    141.754      0.017      0.027               16.4527    0.99        11               1655440
star_130       11.790  2021.621    738.858    530.129      0.015      0.013               17.5220    1.00        42               1652650
star_131       11.796  2021.621    529.275    663.205      0.023      0.031               17.3559    0.95        42               1643880
star_132       11.804  2021.621    232.122    805.394      0.172      0.042               16.7024    0.99        42               1632220
star_133       11.825  2021.621    718.823    989.586      0.020      0.018               17.5126    0.99        42               1600590
star_134       11.836  2021.621    903.454    587.562      0.484      0.214                8.0303    0.97        42               1583750
star_135       11.847  2021.621    415.485    642.370      0.013      0.010               17.4813    1.00        42               1568330
star_136       11.878  2021.621    295.045    378.286      0.086      0.054               12.8456    0.81        42               1524580
star_137       11.880  2021.621    158.207   1012.460      0.033      0.057               17.4733    0.99        42               1521910
star_138       11.901  2021.621    392.593    750.834      0.022      0.014               17.3023    0.99        42               1492090
star_139       11.902  2021.621    284.321    802.515      0.042      0.027               17.4385    0.97        39               1490590
star_141       11.920  2021.621    804.654    120.494      0.032      0.229                9.2062    0.95        12               1465920
star_142       11.921  2021.621    822.055    614.309      0.019      0.025               17.3640    0.98        43               1465230
star_143       11.930  2021.621    925.010    969.127      0.017      0.013               17.5168    1.00        42               1452670
star_144       11.932  2021.621    725.946    401.247      0.065      0.384               14.0760    0.99        43               1450780
star_145       11.933  2021.621    659.137   1019.540      0.034      0.028               17.5164    1.00        42               1449450
star_146       11.944  2021.621    763.453    475.194      0.009      0.017               17.4988    0.95        42               1434580
star_147       11.949  2021.621   1006.230    899.365      0.009      0.034               17.4034    0.98        43               1427290
S2-11          11.973  2021.621    386.627    627.162      0.041      0.012               16.9644    0.99        42               1396370
star_149       11.993  2021.621   1026.910    426.257      0.020      0.028               16.1271    0.99        37               1371320
star_150       11.994  2021.621    142.590    675.595      0.007      0.021               17.5132    0.99        42               1369590
star_151       11.995  2021.621    700.808   1073.010      0.044      0.058               14.4697    0.99        24               1368180
star_152       12.004  2021.621    619.113   1027.500      0.021      0.016               16.1838    1.00        42               1357390
star_153       12.015  2021.621    276.197   1082.820      0.036      0.092               15.7900    0.99        11               1343420
star_154       12.028  2021.621     72.001    245.469      0.006      0.031               17.5217    1.00        36               1328190
star_155       12.036  2021.621    841.027    974.314      0.044      0.017               17.0916    1.00        42               1317760
star_156       12.063  2021.621    198.326    807.396      0.013      0.022               14.3640    0.99        42               1285540
star_158       12.085  2021.621    500.482    887.851      0.022      0.027               17.4993    1.00        42               1259200
star_159       12.087  2021.621    534.585    533.187      0.021      0.032               17.4394    0.99        41               1257770
star_160       12.087  2021.621   1055.360    237.260      0.056      0.038               16.7521    0.96        25               1257040
star_161       12.113  2021.621    616.976    314.214      0.034      0.022               16.9567    0.99        42               1227740
star_162       12.119  2021.621    763.328    205.592      0.055      0.009               17.3449    0.99        43               1221050
star_163       12.128  2021.621    980.376    881.766      1.339      1.182                2.6201    0.96        43               1211020
star_164       12.141  2021.621    143.191    312.618      0.011      0.028               17.4827    0.99        38               1195930
star_165       12.200  2021.621    440.182    396.581      0.277      0.205               10.1574    0.84        42               1132990
star_166       12.201  2021.621    649.257    595.023      0.015      0.021               17.4770    1.00        42               1131690
star_167       12.219  2021.621    659.843    671.338      0.076      0.057               14.7443    0.97        42               1113660
star_168       12.231  2021.621    866.972    956.886      0.024      0.008               17.4932    1.00        42               1100970
star_169       12.237  2021.621    835.970    335.478      0.030      0.008               17.5041    0.99        42               1094840
star_170       12.239  2021.621    899.503    968.364      0.012      0.021               17.5131    1.00        42               1092950
star_171       12.251  2021.621    357.797    309.390      0.179      0.023               16.9840    0.99        42               1081210
star_172       12.264  2021.621    684.196    705.941      0.225      0.047               17.1385    0.97        42               1067920
star_173       12.278  2021.621    572.764    224.545      0.013      0.026               17.4851    0.99        42               1054460
star_174       12.290  2021.621    426.482   1024.940      0.009      0.032               17.4622    1.00        42               1042810
star_175       12.298  2021.621    909.048    840.965      0.019      0.025               16.2229    0.99        43               1035090
star_176       12.302  2021.621    509.140    461.563      0.069      0.035               15.6396    0.98        42               1031770
star_177       12.319  2021.621    157.261   1078.820      0.069      0.071               16.6612    0.98        23               1015310
star_179       12.335  2021.621   1010.670    293.460      0.036      0.006               16.7093    0.99        43               1000780
star_180       12.355  2021.621    336.567   1031.750      0.039      0.063               17.1476    0.95        42                982599
star_182       12.394  2021.621    683.076    121.692      0.030      0.345               13.0884    0.98        11                947438
star_183       12.400  2021.621    703.898    596.385      0.010      0.013               17.3928    0.99        42                942663
star_184       12.404  2021.621    169.596    120.269      0.044      0.500                7.4318    0.97        11                939359
star_185       12.441  2021.621    407.024    217.160      0.024      0.011               17.5076    0.99        42                907273
star_186       12.451  2021.621    245.032    648.250      0.141      0.412               16.1643    0.98        42                899609
star_187       12.455  2021.621    590.846    668.872      0.036      0.033               17.0150    0.99        42                896136
star_188       12.465  2021.621    452.143    997.054      0.019      0.009               17.4781    0.99        42                887674
star_189       12.472  2021.621    655.032    146.895      0.026      0.022               16.7406    0.98        17                882058
star_190       12.487  2021.621    823.712    980.458      0.033      0.122               12.6442    0.98        42                869688
star_191       12.493  2021.621   1015.240    311.114      0.012      0.041               17.1926    0.99        32                864747
star_193       12.502  2021.621    721.512    746.085      0.053      0.104               14.9453    0.94        43                858026
star_194       12.506  2021.621    421.809    871.860      0.026      0.028               17.4856    0.99        42                854960
star_195       12.517  2021.621    861.619    739.417      0.021      0.019               17.4796    0.99        43                845917
star_196       12.527  2021.621    295.276    207.459      0.037      0.105               14.5827    0.94        43                838173
star_197       12.552  2021.621    871.348    118.008      0.302      0.761                6.1025    0.81         5                819721
star_198       12.565  2021.621    693.421    497.170      0.332      0.162               10.2386    0.97        42                809691
star_200       12.588  2021.621    669.757    262.623      0.017      0.018               17.5003    0.99        42                792652
star_201       12.606  2021.621    312.430    789.672      0.051      0.045               16.7362    0.94        42                779863
star_202       12.613  2021.621    649.327    256.532      0.030      0.029               16.9788    0.98        42                774820
star_203       12.623  2021.621    735.027    559.517      0.014      0.038               17.0112    0.98        42                767180
S2-77          12.625  2021.621    762.145    483.850      0.006      0.031               17.3590    0.98        42                765785
star_205       12.627  2021.621    603.203    521.730      0.799      0.320               13.0390    0.93        42                764646
star_207       12.653  2021.621    311.960    316.963      0.014      0.015               17.4968    0.99        42                746702
star_208       12.656  2021.621   1016.050    446.148      0.482      0.654                9.8840    0.97        37                744401
star_209       12.662  2021.621    726.144    912.322      0.277      0.129               17.2571    0.90        42                740242
star_210       12.662  2021.621   1008.180    483.872      0.241      0.782                9.8575    0.81        43                740090
star_211       12.685  2021.621    337.306    115.689      0.247      0.532                9.1516    0.81         5                725183
star_212       12.686  2021.621    115.512    561.576      0.027      0.022               17.4679    0.99        42                723957
S0-2           12.696  2021.621    584.513    716.079      0.037      0.092               17.4354    0.98        42                717562
star_214       12.698  2021.621    640.496    746.798      0.020      0.006               17.5061    0.99        42                716220
star_215       12.700  2021.621    675.559    963.943      0.059      0.011               17.3478    0.99        42                715098
star_216       12.720  2021.621    672.206    404.858      0.019      0.034               17.1390    0.99        42                702151
star_218       12.755  2021.621    719.970   1016.110      0.685      0.763                7.1769    0.96        42                679890
star_219       12.756  2021.621    149.001   1060.220      0.041      0.073               17.4538    0.98        30                679232
star_220       12.758  2021.621    623.521    364.169      0.029      0.030               17.4002    0.98        42                677760
S0-4           12.780  2021.621    535.632    658.475      0.071      0.033               17.3778    0.98        42                664451
star_222       12.782  2021.621   1062.860    244.015      0.183      0.025               11.6843    0.96        13                663218
star_223       12.790  2021.621    766.274    716.750      0.034      0.016               17.4596    0.98        41                657864
star_224       12.808  2021.621    634.847    916.380      0.035      0.009               17.2932    0.98        42                647388
star_225       12.817  2021.621     80.766    225.358      0.043      0.042               17.4829    0.98        36                641868
star_226       12.835  2021.621    534.490    120.797      0.031      0.437                6.7811    0.95        11                631611
star_227       12.840  2021.621    586.272    360.710      0.031      0.036               16.9565    0.97        42                628627
star_228       12.843  2021.621    711.431    708.207      0.086      0.071               16.1678    0.98        42                626944
star_229       12.860  2021.621    634.985    603.000      0.016      0.020               17.3906    0.99        42                616934
S0-61          12.874  2021.621    586.780    701.744      0.008      0.023               15.4126    0.98        42                608977
star_231       12.876  2021.621    923.875    821.628      0.017      0.032               17.3265    0.98        43                607688
star_233       12.899  2021.621    323.766    619.945      0.074      0.079               17.3123    0.98        42                595301
star_235       12.906  2021.621    644.342    412.248      0.311      0.325               15.5634    0.80        42                591407
star_236       12.907  2021.621    777.086    277.106      0.028      0.060               17.0871    0.99        42                590994
star_238       12.956  2021.621    690.247   1081.100      0.095      0.082               10.5397    0.95        11                564997
star_241       12.985  2021.621    914.875    396.412      1.596      0.769               10.1113    0.84        43                550026
star_242       12.989  2021.621    854.265    624.920      0.099      0.086                7.0254    0.82        42                547839
star_243       12.998  2021.621   1004.050    619.815      0.039      0.050               17.2738    0.97        43                543156
star_244       13.012  2021.621    554.042    634.310      0.031      0.023               17.1962    0.98        42                536578
star_245       13.022  2021.621    291.762    511.132      0.070      0.140               13.4145    0.83        42                531388
star_249       13.071  2021.621   1013.630    491.696      0.132      0.502               12.9651    0.88        37                507825
star_250       13.081  2021.621    873.232    444.596      0.217      0.834                6.3336    0.86        43                503435
star_251       13.099  2021.621    879.370    984.550      0.040      0.103               14.0804    0.93        42                494875
S0-3           13.107  2021.621    553.626    707.305      0.078      0.080               16.8054    0.98        42                491543
star_254       13.148  2021.621    911.860    679.242      1.177      0.974                5.3507    0.80        43                473433
star_256       13.173  2021.621   1009.400    475.742      0.241      0.468                8.3936    0.87        43                462556
star_257       13.181  2021.621    745.591    485.792      0.071      0.023               17.4852    0.91        42                459105
star_258       13.183  2021.621     69.616    596.804      0.044      0.057               17.4089    0.97        36                458043
star_259       13.185  2021.621    604.465    356.718      0.018      0.010               16.7752    0.97        42                457557
star_260       13.192  2021.621    679.922    356.578      0.035      0.022               16.5988    0.97        42                454287
star_261       13.193  2021.621    237.691    619.941      0.029      0.044               17.3804    0.98        42                454044
star_262       13.207  2021.621    456.756    363.748      0.166      0.083               15.8666    0.92        42                448180
star_264       13.216  2021.621    848.324    217.465      0.077      0.128               14.4120    0.96        43                444473
star_265       13.223  2021.621    925.738    393.927      0.586      0.402               10.0626    0.84        43                441596
star_266       13.238  2021.621   1000.290    263.160      0.076      0.032               17.2776    0.90        43                435561
star_268       13.257  2021.621    964.868    649.881      0.239      0.166               17.0478    0.95        43                428025
star_269       13.259  2021.621    633.525    586.432      0.069      0.060               17.0558    0.95        42                427193
star_270       13.271  2021.621   1011.950    465.533      0.120      0.406               12.7700    0.84        39                422677
star_271       13.271  2021.621   1015.400    374.782      0.266      0.160               12.1667    0.95        37                422654
star_272       13.278  2021.621    962.885    481.530      0.414      0.575               11.4400    0.82        43                419830
star_273       13.286  2021.621    779.321    379.301      0.863      0.525                9.2905    0.90        42                416716
S3-187         13.289  2021.621    930.458    628.070      0.317      0.203                2.8111    0.95        43                415435
star_277       13.301  2021.621    663.777    156.267      0.041      0.007               16.8849    0.90        30                410966
star_278       13.304  2021.621    294.558    604.901      0.036      0.120               15.8960    0.97        42                409794
star_279       13.327  2021.621    251.953    754.859      0.056      0.152               15.9071    0.94        42                401316
star_280       13.328  2021.621    358.607    233.830      0.928      0.256                7.4823    0.95        42                400863
star_282       13.335  2021.621    935.886    404.630      0.405      0.449               11.8814    0.80        43                398347
star_283       13.335  2021.621    659.118    497.635      0.168      0.087                9.7359    0.82        42                398256
star_284       13.341  2021.621    291.344    694.954      0.152      0.125               13.9274    0.88        42                396230
star_285       13.350  2021.621    521.703    746.883      0.103      0.194               15.3237    0.96        42                392890
star_286       13.353  2021.621    587.199    684.361      0.284      0.384               16.9089    0.84        42                391944
star_287       13.364  2021.621   1012.550    202.092      0.144      0.147               15.9106    0.88        31                387895
star_289       13.372  2021.621    253.552    742.634      0.702      0.305               17.0419    0.92        42                385118
star_290       13.385  2021.621    119.962    423.450      0.075      0.067               15.9999    0.98        42                380514
star_291       13.387  2021.621    617.100    562.222      0.085      0.042               17.3754    0.87        42                379616
star_292       13.388  2021.621    522.344    652.059      0.048      0.023               17.4977    0.96        42                379365
star_293       13.390  2021.621     69.784   1059.840      0.081      0.049               17.4268    0.96        30                378512
star_294       13.393  2021.621    733.376    156.879      0.043      0.086               16.9732    0.95        31                377636
S3-380         13.404  2021.621    339.792   1023.800      0.175      0.159               16.6262    0.95        42                373726
star_298       13.425  2021.621    615.237    720.284      0.022      0.040               14.5693    0.95        42                366684
star_299       13.429  2021.621    457.086    788.249      0.120      0.142               15.5378    0.93        42                365311
star_300       13.432  2021.621    114.795    997.774      0.083      0.026               16.4476    0.93        42                364355
star_301       13.442  2021.621    642.955    358.793      0.029      0.238               10.7578    0.96        42                361067
star_302       13.443  2021.621    650.729    539.512      0.770      0.458               11.8793    0.83        42                360481
star_303       13.447  2021.621    549.038    871.559      0.054      0.042               16.3163    0.91        42                359410
star_304       13.449  2021.621    683.512    467.416      0.038      0.032               16.2136    0.96        41                358521
star_305       13.452  2021.621   1037.340    593.172      1.359      0.167                8.9753    0.84        25                357730
star_307       13.454  2021.621    778.814    506.153      0.219      1.049               16.4998    0.85        42                357034
star_308       13.462  2021.621    692.071    634.273      0.045      0.037               16.1170    0.95        42                354407
star_310       13.467  2021.621    418.712    692.966      0.073      0.149                9.4539    0.80        42                352698
star_311       13.468  2021.621    648.783    418.177      0.322      0.248               11.9490    0.89        42                352386
star_312       13.480  2021.621    711.315    448.915      0.355      0.165               15.6329    0.89        42                348649
S1-10          13.481  2021.621    690.640    702.387      0.238      0.341                8.1808    0.96        42                348167
star_314       13.483  2021.621    698.576    668.183      1.243      0.248                7.3561    0.90        42                347591
star_315       13.488  2021.621     40.086    948.572      0.111      0.083               13.8611    0.93        17                346034
star_316       13.490  2021.621    895.050    693.797      0.136      0.173                7.7458    0.87        43                345454
star_317       13.494  2021.621    653.638    345.277      0.381      0.523               10.3237    0.93        42                344181
star_318       13.498  2021.621    620.140    517.290      0.492      0.130                3.9928    0.88        42                342706
star_319       13.507  2021.621    911.058    194.731      0.095      0.049               11.8396    0.86        37                340129
S0-5           13.509  2021.621    578.262    681.623      1.234      0.548               12.0961    0.84        42                339382
star_321       13.509  2021.621    564.679    599.188      0.221      0.094               17.0185    0.92        42                339278
star_322       13.511  2021.621    667.065    740.733      0.093      0.104               17.2623    0.96        42                338753
star_323       13.511  2021.621    526.274    151.589      0.015      0.127               15.5648    0.93        17                338637
star_324       13.524  2021.621    788.906    505.428      0.484      0.217               14.7767    0.84        36                334648
star_326       13.537  2021.621    923.288    609.240      0.857      0.125                2.3660    0.90        43                330882
star_327       13.542  2021.621    428.009    810.819      0.042      0.084               14.4159    0.97        39                329238
star_328       13.560  2021.621    548.192    146.765      0.024      0.053               15.2843    0.93        17                323930
star_329       13.562  2021.621    947.649    413.503      0.712      0.721                2.2084    0.81        43                323207
S0-26          13.566  2021.621    561.700    731.363      0.511      0.479                8.0433    0.94        42                321898
star_331       13.575  2021.621    132.309    869.198      0.065      0.130               16.6088    0.94        42                319259
star_332       13.576  2021.621    517.079    885.196      0.053      0.064               16.9483    0.97        42                319153
S0-1           13.578  2021.621    558.852    677.035      0.102      0.084                7.3129    0.97        42                318466
star_334       13.582  2021.621    204.518    553.201      0.042      0.048               17.0045    0.96        42                317422
star_335       13.591  2021.621    547.180    454.922      0.098      0.064               16.5965    0.90        40                314657
star_336       13.592  2021.621    982.677    294.929      0.094      0.072               16.9664    0.87        43                314426
star_337       13.596  2021.621    271.874    999.944      0.164      0.097               17.1172    0.93        42                313117
star_338       13.597  2021.621    210.215    145.173      0.054      0.118               13.8734    0.81        17                312999
star_339       13.598  2021.621    397.631    807.222      0.110      0.150               15.7782    0.93        42                312691
star_340       13.611  2021.621    604.009    984.047      0.021      0.053               17.1403    0.97        42                308901
star_341       13.614  2021.621    198.920    694.885      0.068      0.057               16.8037    0.91        42                308109
star_342       13.616  2021.621    390.451    732.135      0.197      0.256               12.4066    0.89        42                307556
star_343       13.619  2021.621    983.519    698.668      0.022      0.143               17.2862    0.84        43                306622
star_344       13.629  2021.621    483.044    714.042      0.141      0.136               16.4408    0.87        42                303922
star_345       13.631  2021.621    899.180    875.386      0.092      0.014               14.8377    0.94        42                303265
star_346       13.639  2021.621    157.489    156.066      0.041      0.135               17.1171    0.95        30                301046
star_347       13.641  2021.621    768.099    589.678      0.021      0.027               17.1063    0.87        42                300436
S0-7           13.642  2021.621    528.877    711.157      0.054      0.121               14.8483    0.95        42                300114
star_349       13.649  2021.621   1045.560   1057.870      0.088      0.092               14.1194    0.85        12                298239
star_350       13.651  2021.621     90.879    918.152      0.044      0.063               17.2252    0.95        36                297845
star_351       13.662  2021.621    881.872    674.923      0.218      0.086               11.1588    0.88        43                294898
star_352       13.664  2021.621    902.964    745.974      0.045      0.281               17.0003    0.93        43                294214
star_353       13.666  2021.621    602.751    660.979      0.063      0.053               16.8213    0.95        42                293733
star_354       13.666  2021.621    704.310    125.528      0.222      0.236               11.3867    0.84        11                293595
star_355       13.673  2021.621    541.587    690.482      0.098      0.215               11.3643    0.89        42                291766
star_356       13.675  2021.621    187.078    966.885      0.043      0.072               17.3185    0.96        42                291270
star_357       13.677  2021.621   1016.950    971.366      0.030      0.064               16.0459    0.96        37                290792
star_358       13.679  2021.621    276.605    942.040      0.028      0.085               17.2063    0.94        42                290078
star_359       13.692  2021.621    656.375    413.622      0.261      0.148                8.5060    0.85        42                286792
star_360       13.697  2021.621    407.479    822.847      0.032      0.083               17.2775    0.93        42                285377
star_361       13.701  2021.621    925.751    741.847      0.043      0.021               16.6841    0.92        43                284301
star_362       13.706  2021.621    493.567    481.785      0.127      0.283               14.2070    0.94        42                283105
star_363       13.706  2021.621     77.504    210.405      0.210      0.049               16.4664    0.95        36                283032
star_364       13.717  2021.621    598.969   1006.330      0.041      0.047               14.0892    0.97        42                280253
star_365       13.723  2021.621    948.011    660.899      0.566      0.244                8.6463    0.85        43                278630
star_366       13.730  2021.621    626.301    342.101      0.077      0.076               17.2978    0.94        42                276891
star_367       13.731  2021.621    640.434    560.005      0.043      0.042               17.0326    0.93        42                276510
star_368       13.735  2021.621    598.589    528.501      0.281      2.051                3.0220    0.84        42                275506
star_369       13.737  2021.621    499.966    467.993      0.107      0.101               16.8356    0.92        42                275003
star_370       13.739  2021.621    548.265    368.370      0.103      0.128               15.5006    0.85        42                274552
star_371       13.740  2021.621    165.638    659.074      0.061      0.046               16.9775    0.91        42                274352
star_372       13.752  2021.621    228.033    544.875      0.071      0.062               17.4190    0.93        42                271345
star_373       13.754  2021.621    485.931    175.340      0.044      0.012               17.1329    0.94        36                270873
star_374       13.759  2021.621    647.920    292.471      0.070      0.028               17.4034    0.94        42                269558
star_375       13.760  2021.621    838.613    357.693      0.195      0.220                4.0465    0.89        42                269388
star_376       13.762  2021.621    782.233    692.569      0.092      0.326               16.5712    0.85        42                268902
star_377       13.767  2021.621    827.189    370.518      0.070      0.029               16.2515    0.95        43                267630
star_378       13.767  2021.621    552.589    888.202      0.096      0.156               17.1883    0.94        42                267580
star_379       13.768  2021.621    539.709    943.254      0.082      0.048               17.0503    0.97        42                267278
star_380       13.774  2021.621     43.671    983.906      0.141      0.184               12.4556    0.82        17                265813
star_381       13.778  2021.621    575.803    912.110      0.075      0.071               15.7112    0.95        42                264974
star_382       13.778  2021.621    588.580    863.305      0.031      0.085               17.4322    0.88        42                264878
star_383       13.785  2021.621    845.361    808.293      0.100      0.103               14.3370    0.94        41                263286
star_384       13.785  2021.621    636.494    309.911      0.005      0.086               17.1081    0.96        42                263230
star_385       13.786  2021.621    943.355    192.378      0.080      0.106               16.6116    0.90        37                263055
star_386       13.797  2021.621     95.062    143.160      0.031      0.112               14.3162    0.86        16                260407
star_387       13.800  2021.621    584.152    872.260      0.076      0.056               17.1822    0.96        42                259673
star_388       13.801  2021.621    727.656    490.808      0.209      0.031               16.0784    0.82        42                259402
star_389       13.808  2021.621    536.000    606.088      0.060      0.018               16.7613    0.86        42                257664
star_390       13.810  2021.621    177.977    257.542      0.041      0.034               17.4843    0.95        40                257111
star_392       13.815  2021.621    256.090    620.257      0.050      0.094               16.5316    0.94        42                255951
S6-128         13.816  2021.621     20.156    446.828      0.167      0.284                6.4602    0.82         5                255671
star_394       13.821  2021.621    771.739    421.234      0.081      0.110               15.9927    0.86        42                254557
star_395       13.829  2021.621    283.040    837.822      0.110      0.059               16.1566    0.88        42                252732
star_396       13.832  2021.621    736.424    487.305      0.143      0.121               16.7401    0.92        42                252079
star_397       13.850  2021.621     93.268    446.944      0.033      0.037               15.1343    0.96        35                247792
star_398       13.851  2021.621    157.333    361.606      0.040      0.021               15.7382    0.95        42                247640
star_399       13.852  2021.621     39.877    568.173      0.112      0.105               12.0309    0.85        17                247340
star_400       13.857  2021.621    127.155    545.508      0.056      0.055               17.4957    0.94        42                246225
star_401       13.858  2021.621    427.084    775.536      0.137      0.116               10.6373    0.92        42                246186
star_402       13.860  2021.621    992.026    206.636      0.058      0.104               10.7839    0.89        41                245647
star_403       13.864  2021.621     74.460    976.231      0.133      0.062               17.3475    0.83        36                244623
star_404       13.865  2021.621    593.487    767.843      0.160      0.232               11.9822    0.95        41                244424
star_405       13.866  2021.621    624.803    560.752      0.120      0.061               14.5923    0.86        42                244385
star_406       13.866  2021.621     98.457    335.620      0.046      0.084               15.8806    0.88        42                244356
star_407       13.867  2021.621    987.516    690.429      0.101      0.123               15.9477    0.91        43                244141
S0-32          13.870  2021.621    548.535    783.961      0.051      0.108               15.3687    0.95        42                243314
star_409       13.875  2021.621    438.302    591.520      0.241      0.271               15.7815    0.81        42                242160
star_410       13.878  2021.621    215.034    562.191      0.056      0.132               17.1685    0.93        42                241697
star_411       13.882  2021.621    192.928    723.766      0.027      0.054               17.1670    0.90        42                240719
star_412       13.892  2021.621    674.985   1017.110      0.051      0.037               16.8906    0.95        42                238593
star_413       13.894  2021.621    532.354    928.175      0.051      0.101               17.2272    0.92        42                238071
S1-51          13.895  2021.621    753.494    685.778      0.212      0.121                6.1983    0.94        42                237895
star_415       13.899  2021.621    580.576    340.726      0.117      0.081               15.7291    0.92        42                236955
star_418       13.909  2021.621    892.124    851.948      0.088      0.050               17.1227    0.83        43                234691
star_420       13.911  2021.621    682.994    285.997      0.124      0.124               17.3144    0.89        42                234389
star_421       13.914  2021.621    245.449    639.737      0.083      0.687                6.8200    0.96        42                233790
S0-20          13.916  2021.621    553.188    690.381      0.101      0.355               13.4703    0.88        42                233307
star_423       13.917  2021.621    576.378    641.905      0.063      0.024               17.2105    0.93        42                233119
star_424       13.922  2021.621   1028.500    381.270      0.101      0.103               15.9527    0.93        37                232026
star_425       13.922  2021.621    830.313    626.177      0.087      0.030               15.6277    0.86        43                232024
star_426       13.923  2021.621    314.979   1048.260      0.123      0.123               15.9345    0.90        30                231793
star_427       13.931  2021.621    174.687    664.599      0.069      0.035               17.4511    0.89        42                230022
star_428       13.932  2021.621    651.147    947.452      0.086      0.048               17.0868    0.96        40                229919
star_429       13.933  2021.621    196.925    647.812      0.052      0.058               16.7124    0.90        42                229652
star_430       13.933  2021.621    786.394    292.198      0.066      0.074               16.4658    0.81        43                229566
star_431       13.936  2021.621    269.645    294.770      0.033      0.059               17.2266    0.94        42                229072
star_432       13.936  2021.621    905.118    798.980      0.084      0.354               13.9242    0.88        43                229052
star_433       13.939  2021.621    250.487    549.888      0.109      0.084               17.4064    0.93        42                228439
star_434       13.941  2021.621     88.041    337.816      0.079      0.130               17.1395    0.88        36                227963
star_435       13.943  2021.621    103.355    388.448      0.038      0.064               17.1357    0.96        42                227603
star_436       13.950  2021.621    968.469   1065.830      0.116      0.032               16.5370    0.89        27                226025
star_437       13.952  2021.621    561.320    652.680      0.058      0.115               16.7404    0.93        42                225572
star_438       13.953  2021.621    671.511    447.903      0.179      0.172                8.3197    0.92        42                225463
star_439       13.955  2021.621    315.271    561.330      0.098      0.084               14.9998    0.89        42                224952
star_440       13.962  2021.621    146.064    497.448      0.056      0.066               16.9260    0.94        42                223656
star_441       13.967  2021.621    315.640   1027.490      0.126      0.051               15.5185    0.93        42                222500
star_442       13.968  2021.621    579.345    441.077      0.248      0.239               11.6196    0.87        42                222459
star_443       13.969  2021.621    607.659    947.109      0.117      0.139               15.3266    0.92        42                222168
star_444       13.974  2021.621    778.978    483.412      0.067      0.016               14.8082    0.90        42                221229
star_445       13.978  2021.621    889.519    843.121      0.046      0.122               15.9327    0.86        43                220302
star_446       13.984  2021.621    405.404    967.985      0.094      0.056               17.1248    0.92        42                219125
star_447       13.987  2021.621    179.570    303.349      0.030      0.075               17.3433    0.92        43                218592
star_448       13.988  2021.621    755.754    434.568      0.107      0.046               16.8067    0.88        42                218262
star_449       13.997  2021.621    158.384    841.860      0.035      0.017               15.8512    0.94        42                216489
star_450       13.998  2021.621    710.569    237.355      0.628      0.128               11.5035    0.95        42                216290
star_451       14.005  2021.621    374.642    291.045      0.040      0.015               16.5346    0.91        42                214904
star_452       14.007  2021.621    493.380    422.804      0.157      0.149               16.5987    0.86        42                214482
star_453       14.015  2021.621    517.201    904.110      0.044      0.052               15.8688    0.89        42                212891
star_454       14.017  2021.621    768.851    130.143      0.044      0.100               14.0998    0.84        12                212599
star_455       14.023  2021.621    428.732   1002.690      0.076      0.132               16.0823    0.91        42                211315
star_456       14.031  2021.621    182.837    855.309      0.105      0.056               12.9942    0.86        42                209864
star_457       14.038  2021.621     68.727   1083.930      0.172      0.139               14.6785    0.84        11                208450
star_458       14.045  2021.621    728.695    568.959      0.063      0.072               15.6249    0.93        42                207227
S3-38          14.045  2021.621    215.034    688.053      0.056      0.121               16.0585    0.85        42                207165
star_460       14.045  2021.621    455.373    241.742      0.016      0.119               16.1940    0.89        42                207137
star_461       14.066  2021.621    805.151    397.073      0.123      0.099                6.4926    0.92        42                203255
star_463       14.088  2021.621    685.321    224.470      0.051      0.025               16.5295    0.87        42                199087
star_464       14.090  2021.621     57.587    281.681      0.128      0.080               15.6137    0.85        16                198760
star_465       14.090  2021.621    776.064    633.590      0.022      0.011               16.2598    0.88        42                198747
star_466       14.099  2021.621    369.719    887.761      0.028      0.063               16.4409    0.93        42                197126
star_467       14.100  2021.621    782.340    185.503      0.100      0.066               16.7078    0.86        36                196830
star_468       14.124  2021.621    270.498    930.618      0.034      0.026               14.7323    0.90        42                192596
star_469       14.125  2021.621    572.549    162.542      0.170      0.168                8.5289    0.87        30                192346
star_470       14.133  2021.621    277.568    979.384      0.111      0.153               12.8407    0.93        42                191064
star_471       14.134  2021.621    208.610    942.228      0.037      0.060               16.8696    0.91        42                190851
star_473       14.157  2021.621    232.140    326.527      0.052      0.041               16.9672    0.92        42                186840
star_474       14.165  2021.621    370.319    145.991      0.127      0.092               13.2858    0.88        17                185478
star_475       14.165  2021.621    672.694    207.239      0.165      0.167               14.6105    0.81        42                185423
star_476       14.168  2021.621    242.225    578.008      0.113      0.073               16.4254    0.88        42                185005
star_478       14.174  2021.621    692.949    599.045      0.175      0.298               16.4960    0.82        42                183979
star_479       14.176  2021.621    338.507    971.310      0.067      0.131               16.4062    0.90        42                183569
star_480       14.179  2021.621    572.269    931.904      0.051      0.136               16.6085    0.89        39                183100
star_481       14.183  2021.621    578.834    281.463      0.032      0.128               16.6636    0.90        42                182446
star_482       14.185  2021.621   1022.270    585.524      0.093      0.072                8.1301    0.86        37                182004
star_483       14.187  2021.621   1010.330    191.267      0.176      0.162               12.6558    0.82        37                181725
star_484       14.187  2021.621    564.937    990.023      0.113      0.065               17.0563    0.90        38                181696
star_485       14.195  2021.621    141.753    282.772      0.010      0.124               16.4253    0.80        42                180372
star_487       14.213  2021.621    156.680    890.470      0.075      0.096               15.4539    0.80        42                177445
star_488       14.213  2021.621     99.791    312.783      0.112      0.111               14.9626    0.81        42                177422
star_489       14.216  2021.621    912.412    940.100      0.125      0.082               16.2716    0.90        43                176917
star_490       14.217  2021.621    118.224    455.471      0.015      0.065               16.5525    0.88        42                176831
star_491       14.225  2021.621    483.309    916.931      0.095      0.111               17.3947    0.91        42                175423
star_493       14.232  2021.621    208.947    928.380      0.039      0.122               16.9414    0.93        41                174350
star_494       14.235  2021.621    362.400    251.634      0.094      0.082               12.1283    0.82        42                173915
star_495       14.236  2021.621    360.102   1062.600      0.121      0.052               11.8940    0.90        30                173725
star_496       14.240  2021.621    763.775    426.883      0.034      0.135               16.7815    0.82        42                173056
S3-192         14.241  2021.621    529.493    350.526      0.179      0.107               12.8854    0.90        42                172895
star_498       14.243  2021.621    301.570    629.478      0.170      0.084               10.4456    0.83        42                172678
star_499       14.244  2021.621    338.979    939.439      0.054      0.079               16.8366    0.86        42                172457
star_500       14.244  2021.621    961.407    975.174      0.062      0.102               17.0585    0.84        43                172386
star_501       14.248  2021.621    878.639    736.539      0.053      0.064               15.5116    0.89        43                171888
star_502       14.255  2021.621    548.591    251.519      0.048      0.134               17.1031    0.90        42                170726
star_504       14.262  2021.621    490.525    254.628      0.042      0.007               17.4428    0.87        42                169679
star_505       14.265  2021.621    840.923    706.813      0.090      0.096               16.8599    0.89        43                169161
S0-24          14.294  2021.621    572.066    702.467      0.072      0.127               14.4393    0.89        43                164725
star_507       14.295  2021.621   1044.590    396.811      0.108      0.156               16.4759    0.82        25                164552
star_508       14.296  2021.621    752.585    611.219      0.049      0.117               17.0710    0.89        42                164364
star_509       14.297  2021.621    176.117    635.717      0.073      0.115               17.3060    0.87        42                164276
star_510       14.313  2021.621    616.858    291.594      0.168      0.121               15.8530    0.85        42                161906
star_511       14.318  2021.621    540.007    482.816      0.289      0.234                7.7483    0.86        42                161047
star_512       14.320  2021.621    535.810    987.477      0.063      0.102               17.2140    0.88        42                160866
star_513       14.329  2021.621   1001.920    597.815      0.143      0.299                3.4089    0.83        43                159497
star_514       14.335  2021.621    948.572    785.303      0.028      0.142               13.8856    0.89        43                158601
star_515       14.340  2021.621    616.698    984.636      0.064      0.075               16.7637    0.90        42                157853
star_516       14.343  2021.621    739.573    444.809      0.075      0.142               16.5653    0.85        43                157425
star_517       14.346  2021.621   1004.380    700.766      0.052      0.046               13.9203    0.89        43                157056
star_518       14.355  2021.621    868.472    747.249      0.039      0.075               17.1587    0.89        43                155703
star_519       14.357  2021.621    236.585    974.112      0.104      0.025               16.6118    0.86        42                155345
star_520       14.362  2021.621    273.068    966.540      0.161      0.101               15.2200    0.89        42                154679
star_521       14.365  2021.621     74.831    950.970      0.103      0.055               15.7727    0.87        36                154241
S0-17          14.368  2021.621    575.059    731.893      0.218      0.112               11.7395    0.82        42                153834
star_523       14.373  2021.621    347.483    150.847      0.113      0.066               12.6195    0.86        16                153081
star_524       14.374  2021.621    161.000    901.285      0.108      0.855                5.8187    0.81        42                152946
star_525       14.384  2021.621    365.072    925.425      0.080      0.065               15.8831    0.87        42                151607
star_526       14.384  2021.621    940.371    829.621      0.411      0.488                6.9896    0.82        43                151566
star_527       14.396  2021.621     93.161    225.204      0.049      0.112               16.5710    0.83        36                149904
star_528       14.401  2021.621    484.741    511.181      0.089      0.226               15.9096    0.83        42                149186
star_529       14.405  2021.621    899.521    942.005      0.088      0.113               16.8874    0.88        42                148649
star_530       14.407  2021.621    551.568   1015.230      0.121      0.033               16.3627    0.86        42                148425
star_531       14.414  2021.621    210.729    953.961      0.092      0.090               15.9632    0.87        42                147474
S1-50          14.417  2021.621    442.937    764.102      0.212      0.226               13.8911    0.85        42                147095
star_533       14.427  2021.621    485.987    213.881      0.054      0.158               16.2910    0.84        42                145682
star_534       14.438  2021.621    160.567    496.136      0.084      0.073               16.8258    0.87        42                144270
star_535       14.440  2021.621    218.507   1066.620      0.753      0.211               12.9836    0.83        29                143939
star_536       14.449  2021.621    534.474    241.214      0.062      0.047               16.7525    0.84        42                142748
star_537       14.453  2021.621    706.850    419.751      0.047      0.060               14.2866    0.88        42                142266
star_538       14.492  2021.621    384.433    292.317      0.041      0.047               17.2950    0.88        42                137265
star_539       14.530  2021.621    170.629    437.485      0.210      0.096               14.3231    0.82        42                132514
star_541       14.545  2021.621    443.967    324.469      0.192      0.096               11.0328    0.87        42                130689
star_542       14.604  2021.621    390.225    202.110      0.138      0.318               17.1199    0.83        36                123798
S2-127         14.657  2021.621    560.876    471.489      0.103      0.184                6.6955    0.85        42                117856
star_544       14.658  2021.621    704.569    501.896      0.137      0.050               16.0553    0.88        42                117800
star_547       14.690  2021.621    576.445    177.167      0.193      0.307               12.6919    0.82        36                114369
star_549       14.745  2021.621   1045.520    431.766      0.167      0.077               10.2242    0.86        25                108689
